2026-02-09 22:03:05 +00:00:   ▲ Next.js 14.2.5
2026-02-09 22:03:05 +00:00:   - Local:        http://localhost:3000
2026-02-09 22:03:05 +00:00:   - Network:      http://0.0.0.0:3000
2026-02-09 22:03:05 +00:00: 
2026-02-09 22:03:05 +00:00:  ✓ Starting...
2026-02-09 22:03:05 +00:00:  ✓ Ready in 79ms
2026-02-09 22:04:56 +00:00:   ▲ Next.js 14.2.5
2026-02-09 22:04:56 +00:00:   - Local:        http://localhost:3000
2026-02-09 22:04:56 +00:00:   - Network:      http://0.0.0.0:3000
2026-02-09 22:04:56 +00:00: 
2026-02-09 22:04:56 +00:00:  ✓ Starting...
2026-02-09 22:04:56 +00:00:  ✓ Ready in 99ms
2026-02-09 22:10:03 +00:00:   ▲ Next.js 14.2.5
2026-02-09 22:10:03 +00:00:   - Local:        http://localhost:3000
2026-02-09 22:10:03 +00:00:   - Network:      http://0.0.0.0:3000
2026-02-09 22:10:03 +00:00: 
2026-02-09 22:10:03 +00:00:  ✓ Starting...
2026-02-09 22:10:03 +00:00:  ✓ Ready in 66ms
2026-02-09 22:12:21 +00:00:   ▲ Next.js 14.2.5
2026-02-09 22:12:21 +00:00:   - Local:        http://localhost:3000
2026-02-09 22:12:21 +00:00:   - Network:      http://0.0.0.0:3000
2026-02-09 22:12:21 +00:00: 
2026-02-09 22:12:21 +00:00:  ✓ Starting...
2026-02-09 22:12:21 +00:00:  ✓ Ready in 63ms
2026-02-09 22:25:49 +00:00:   ▲ Next.js 14.2.5
2026-02-09 22:25:49 +00:00:   - Local:        http://localhost:3000
2026-02-09 22:25:49 +00:00:   - Network:      http://0.0.0.0:3000
2026-02-09 22:25:49 +00:00: 
2026-02-09 22:25:49 +00:00:  ✓ Starting...
2026-02-09 22:25:49 +00:00:  ✓ Ready in 76ms
2026-02-09 23:22:16 +00:00:   ▲ Next.js 14.2.5
2026-02-09 23:22:16 +00:00:   - Local:        http://localhost:3000
2026-02-09 23:22:16 +00:00:   - Network:      http://0.0.0.0:3000
2026-02-09 23:22:16 +00:00: 
2026-02-09 23:22:16 +00:00:  ✓ Starting...
2026-02-09 23:22:16 +00:00:  ✓ Ready in 113ms
2026-02-09 23:25:36 +00:00:   ▲ Next.js 14.2.5
2026-02-09 23:25:36 +00:00:   - Local:        http://localhost:3000
2026-02-09 23:25:36 +00:00:   - Network:      http://0.0.0.0:3000
2026-02-09 23:25:36 +00:00: 
2026-02-09 23:25:36 +00:00:  ✓ Starting...
2026-02-09 23:25:36 +00:00:  ✓ Ready in 68ms
2026-02-09 23:30:10 +00:00:   ▲ Next.js 14.2.5
2026-02-09 23:30:10 +00:00:   - Local:        http://localhost:3000
2026-02-09 23:30:10 +00:00:   - Network:      http://0.0.0.0:3000
2026-02-09 23:30:10 +00:00: 
2026-02-09 23:30:10 +00:00:  ✓ Starting...
2026-02-09 23:30:10 +00:00:  ✓ Ready in 63ms
2026-02-09 23:43:06 +00:00:   ▲ Next.js 14.2.5
2026-02-09 23:43:06 +00:00:   - Local:        http://localhost:3000
2026-02-09 23:43:06 +00:00:   - Network:      http://0.0.0.0:3000
2026-02-09 23:43:06 +00:00: 
2026-02-09 23:43:06 +00:00:  ✓ Starting...
2026-02-09 23:43:06 +00:00:  ✓ Ready in 76ms
2026-02-09 23:49:55 +00:00:   ▲ Next.js 14.2.5
2026-02-09 23:49:55 +00:00:   - Local:        http://localhost:3000
2026-02-09 23:49:55 +00:00:   - Network:      http://0.0.0.0:3000
2026-02-09 23:49:55 +00:00: 
2026-02-09 23:49:55 +00:00:  ✓ Starting...
2026-02-09 23:49:55 +00:00:  ✓ Ready in 72ms
2026-02-09 23:50:37 +00:00:   ▲ Next.js 14.2.5
2026-02-09 23:50:37 +00:00:   - Local:        http://localhost:3000
2026-02-09 23:50:37 +00:00:   - Network:      http://0.0.0.0:3000
2026-02-09 23:50:37 +00:00: 
2026-02-09 23:50:37 +00:00:  ✓ Starting...
2026-02-09 23:50:37 +00:00:  ✓ Ready in 86ms
2026-02-10 00:04:54 +00:00:   ▲ Next.js 14.2.5
2026-02-10 00:04:54 +00:00:   - Local:        http://localhost:3000
2026-02-10 00:04:54 +00:00:   - Network:      http://0.0.0.0:3000
2026-02-10 00:04:54 +00:00: 
2026-02-10 00:04:54 +00:00:  ✓ Starting...
2026-02-10 00:04:54 +00:00:  ✓ Ready in 77ms
2026-02-10 00:17:35 +00:00:   ▲ Next.js 14.2.5
2026-02-10 00:17:35 +00:00:   - Local:        http://localhost:3000
2026-02-10 00:17:35 +00:00:   - Network:      http://0.0.0.0:3000
2026-02-10 00:17:35 +00:00: 
2026-02-10 00:17:35 +00:00:  ✓ Starting...
2026-02-10 00:17:35 +00:00:  ✓ Ready in 70ms
2026-02-10 00:19:58 +00:00:   ▲ Next.js 14.2.5
2026-02-10 00:19:58 +00:00:   - Local:        http://localhost:3000
2026-02-10 00:19:58 +00:00:   - Network:      http://0.0.0.0:3000
2026-02-10 00:19:58 +00:00: 
2026-02-10 00:19:58 +00:00:  ✓ Starting...
2026-02-10 00:19:58 +00:00:  ✓ Ready in 68ms
2026-02-10 09:58:30 +00:00:   ▲ Next.js 14.2.5
2026-02-10 09:58:30 +00:00:   - Local:        http://localhost:3000
2026-02-10 09:58:30 +00:00:   - Network:      http://0.0.0.0:3000
2026-02-10 09:58:30 +00:00: 
2026-02-10 09:58:30 +00:00:  ✓ Starting...
2026-02-10 09:58:30 +00:00:  ✓ Ready in 100ms
2026-02-10 10:20:13 +00:00:   ▲ Next.js 14.2.5
2026-02-10 10:20:13 +00:00:   - Local:        http://localhost:3000
2026-02-10 10:20:13 +00:00:   - Network:      http://0.0.0.0:3000
2026-02-10 10:20:13 +00:00: 
2026-02-10 10:20:13 +00:00:  ✓ Starting...
2026-02-10 10:20:13 +00:00:  ✓ Ready in 92ms
2026-02-10 10:20:53 +00:00:   ▲ Next.js 14.2.5
2026-02-10 10:20:53 +00:00:   - Local:        http://localhost:3000
2026-02-10 10:20:53 +00:00:   - Network:      http://0.0.0.0:3000
2026-02-10 10:20:53 +00:00: 
2026-02-10 10:20:53 +00:00:  ✓ Starting...
2026-02-10 10:20:53 +00:00:  ✓ Ready in 60ms
2026-02-10 10:21:59 +00:00:   ▲ Next.js 14.2.5
2026-02-10 10:21:59 +00:00:   - Local:        http://localhost:3000
2026-02-10 10:21:59 +00:00:   - Network:      http://0.0.0.0:3000
2026-02-10 10:21:59 +00:00: 
2026-02-10 10:21:59 +00:00:  ✓ Starting...
2026-02-10 10:21:59 +00:00:  ✓ Ready in 60ms
